02/07/2019                                            Albia Soccer Club Fundraiser                                            page: 1
JAVAI05                                                   Khamiss    Division                                                        
                                                              Sales Report                                                           

   Last name        First Name       City        state Zip Code      pop Type                       Quantity      Deposit AMT      total sales  

Khamis                   Mazen      peoria          IL  999999999      Diet Cherry Coke                12             $.00           $224.52
Khamis                  Mazeni    sikeston          MO  999999999      Coke                            06             $.00           $112.26
Khamis                   Najwa     detroit          MI  999999999      Diet Coke                       09           $21.60           $189.99
Khamis                  Hassan     lincoln          NE  999999999      Sprite                          10           $12.00           $199.10
Khamis               Najmeldin     madison          WI  999999999      Cherry Coke                     15             $.00           $280.65
Khamis               Najmeldin   Iowa City          IA  999999999      Mello Yello                     05            $6.00            $99.55
Khamis                   Mazen      peoria          IL  999999999      Diet Cherry Coke                12            $6.00           $230.52
Khamis                  Mazeni    sikeston          MO  999999999      Coke                            06             $.00           $112.26
Khamis                   Najwa     detroit          MI  999999999      Diet Coke                       09           $21.60           $189.99
Khamis                  Hassan     lincoln          NE  999999999      Sprite                          10           $12.00           $199.10
Khamis               Najmeldin     madison          WI  999999999      Cherry Coke                     15             $.00           $280.65
Khamis               Najmeldin   Iowa City          IA  999999999      Mello Yello                     05            $6.00            $99.55
Khamis                   Mazen      peoria          IL  999999999      Diet Cherry Coke                12            $6.00           $230.52
Khamis                  Mazeni    sikeston          MO  999999999      Coke                            06             $.00           $112.26
Khamis                   Najwa     detroit          MI  999999999      Diet Coke                       09           $21.60           $189.99
Khamis                  Hassan     lincoln          NE  999999999      Sprite                          10           $12.00           $199.10
Khamis               Najmeldin     madison          WI  999999999      Cherry Coke                     15             $.00           $280.65
Khamis               Najmeldin   Iowa City          IA  999999999      Mello Yello                     05            $6.00            $99.55
Khamis                   Mazen      peoria          IL  999999999      Diet Cherry Coke                12            $6.00           $230.52
Khamis                  Mazeni    sikeston          MO  999999999      Coke                            06             $.00           $112.26
Khamis                   Najwa     detroit          MI  999999999      Diet Coke                       09           $21.60           $189.99
Khamis                  Hassan     lincoln          NE  999999999      Sprite                          10           $12.00           $199.10
Khamis               Najmeldin     madison          WI  999999999      Cherry Coke                     15             $.00           $280.65
Khamis               Najmeldin   Iowa City          IA  999999999      Mello Yello                     05            $6.00            $99.55
Khamis                   Mazen      peoria          IL  999999999      Diet Cherry Coke                12            $6.00           $230.52
Khamis                  Mazeni    sikeston          MO  999999999      Coke                            06             $.00           $112.26
Khamis                   Najwa     detroit          MI  999999999      Diet Coke                       09           $21.60           $189.99
Khamis                  Hassan     lincoln          NE  999999999      Sprite                          10           $12.00           $199.10
Khamis               Najmeldin     madison          WI  999999999      Cherry Coke                     15             $.00           $280.65
Khamis               Najmeldin   Iowa City          IA  999999999      Mello Yello                     05            $6.00            $99.55
Khamis                   Mazen      peoria          IL  999999999      Diet Cherry Coke                12            $6.00           $230.52
Khamis                  Mazeni    sikeston          MO  999999999      Coke                            06             $.00           $112.26
Khamis                   Najwa     detroit          MI  999999999      Diet Coke                       09           $21.60           $189.99
Khamis                  Hassan     lincoln          NE  999999999      Sprite                          10           $12.00           $199.10
Khamis               Najmeldin     madison          WI  999999999      Cherry Coke                     15             $.00           $280.65
02/07/2019                                            Albia Soccer Club Fundraiser                                            page: 3
JAVAI05                                                   Khamiss    Division                                                        
                                                              Sales Report                                                           

   Last name        First Name       City        state Zip Code      pop Type                       Quantity      Deposit AMT      total sales  

Khamis               Najmeldin   Iowa City          IA  999999999      Mello Yello                     05            $6.00            $99.55
Khamis                   Mazen      peoria          IL  999999999      Diet Cherry Coke                12            $6.00           $230.52
Khamis                  Mazeni    sikeston          MO  999999999      Coke                            06             $.00           $112.26
Khamis                   Najwa     detroit          MI  999999999      Diet Coke                       09           $21.60           $189.99
Khamis                  Hassan     lincoln          NE  999999999      Sprite                          10           $12.00           $199.10
Khamis               Najmeldin     madison          WI  999999999      Cherry Coke                     15             $.00           $280.65
Khamis               Najmeldin   Iowa City          IA  999999999      Mello Yello                     05            $6.00            $99.55
Khamis                   Mazen      peoria          IL  999999999      Diet Cherry Coke                12            $6.00           $230.52
Khamis                  Mazeni    sikeston          MO  999999999      Coke                            06             $.00           $112.26
Khamis                   Najwa     detroit          MI  999999999      Diet Coke                       09           $21.60           $189.99
Khamis                  Hassan     lincoln          NE  999999999      Sprite                          10           $12.00           $199.10
Khamis               Najmeldin     madison          WI  999999999      Cherry Coke                     15             $.00           $280.65
Khamis               Najmeldin   Iowa City          IA  999999999      Mello Yello                     05            $6.00            $99.55
Khamis                   Mazen      peoria          IL  999999999      Diet Cherry Coke                12            $6.00           $230.52
Khamis                   Mazen      peoria          IL  999999999      Diet Cherry Coke                12            $6.00           $230.52
Khamis                  Mazeni    sikeston          MO  999999999      Coke                            06             $.00           $112.26
Khamis                   Najwa     detroit          MI  999999999      Diet Coke                       09           $21.60           $189.99
Khamis                  Hassan     lincoln          NE  999999999      Sprite                          10           $12.00           $199.10
Khamis               Najmeldin     madison          WI  999999999      Cherry Coke                     15             $.00           $280.65
Khamis               Najmeldin   Iowa City          IA  999999999      Mello Yello                     05            $6.00            $99.55
Khamis                   Najwa     detroit          MI  999999999      Diet Coke                       09           $21.60           $189.99
Khamis                  Hassan     lincoln          NE  999999999      Sprite                          10           $12.00           $199.10
Khamis               Najmeldin     madison          WI  999999999      Cherry Coke                     15             $.00           $280.65
Khamis               Najmeldin   Iowa City          IA  999999999      Mello Yello                     05            $6.00            $99.55
Khamis                   Mazen      peoria          IL  999999999      Diet Cherry Coke                12            $6.00           $230.52
Khamis                  Mazeni    sikeston          MO  999999999      Coke                            06             $.00           $112.26
Khamis                   Najwa     detroit          MI  999999999      Diet Coke                       09           $21.60           $189.99
Khamis                  Hassan     madison          WI  999999999      Cherry Coke                     15             $.00           $280.65
Khamis               Najmeldin   Iowa City          IA  999999999      Mello Yello                     05            $6.00            $99.55
Khamis                  Mazeni      peoria          IL  999999999      Diet Cherry Coke                12            $6.00           $230.52
02/07/2019                                            Albia Soccer Club Fundraiser                                            page: 4
JAVAI05                                                   Khamiss    Division                                                        
                                                              Sales Report                                                           

   Last name        First Name       City        state Zip Code      pop Type                       Quantity      Deposit AMT      total sales  

                                                                        
Grand Totals:


Coke                   60    Diet Coke            99    Mello Yell          55    

Cherry Coke            165    Diet Cherry Coke       144    Sprite          100    


Team Totals
   A           $4182.20   

   B           $2760.24   

   C           $2089.89   

   D           $1991.00   

   E           $1122.60   
